  test2.c
test2.obj : error LNK2005: main이(가) test.obj에 이미 정의되어 있습니다.
C:\SourceBank\iot-cpp-programming-2026\test-cpp\x64\Debug\test.exe : fatal error LNK1169: 여러 번 정의된 기호가 있습니다.
